[    0.000000] Initializing cgroup subsys cpuset
[    0.000000] Initializing cgroup subsys cpu
[    0.000000] Initializing cgroup subsys cpuacct
[    0.000000] Linux version 4.4.0-148-generic (buildd@lgw01-amd64-031) (gcc version 5.4.0 20160609 (Ubuntu 5.4.0-6ubuntu1~16.04.10) ) #174-Ubuntu SMP Tue May 7 12:20:14 UTC 2019 (Ubuntu 4.4.0-148.174-generic 4.4.177)
[    0.000000] Command line: BOOT_IMAGE=/boot/vmlinuz-4.4.0-148-generic root=LABEL=cloudimg-rootfs ro console=tty1 console=ttyS0
[    0.000000] KERNEL supported cpus:
[    0.000000]   Intel GenuineIntel
[    0.000000]   AMD AuthenticAMD
[    0.000000]   Centaur CentaurHauls
[    0.000000] x86/fpu: xstate_offset[2]:  576, xstate_sizes[2]:  256
[    0.000000] x86/fpu: Supporting XSAVE feature 0x01: 'x87 floating point registers'
[    0.000000] x86/fpu: Supporting XSAVE feature 0x02: 'SSE registers'
[    0.000000] x86/fpu: Supporting XSAVE feature 0x04: 'AVX registers'
[    0.000000] x86/fpu: Enabled xstate features 0x7, context size is 832 bytes, using 'standard' format.
[    0.000000] e820: BIOS-provided physical RAM map:
[    0.000000] BIOS-e820: [mem 0x0000000000000000-0x000000000009fbff] usable
[    0.000000] BIOS-e820: [mem 0x000000000009fc00-0x000000000009ffff] reserved
[    0.000000] BIOS-e820: [mem 0x00000000000f0000-0x00000000000fffff] reserved
[    0.000000] BIOS-e820: [mem 0x0000000000100000-0x000000003ffeffff] usable
[    0.000000] BIOS-e820: [mem 0x000000003fff0000-0x000000003fffffff] ACPI data
[    0.000000] BIOS-e820: [mem 0x00000000fec00000-0x00000000fec00fff] reserved
[    0.000000] BIOS-e820: [mem 0x00000000fee00000-0x00000000fee00fff] reserved
[    0.000000] BIOS-e820: [mem 0x00000000fffc0000-0x00000000ffffffff] reserved
[    0.000000] NX (Execute Disable) protection: active
[    0.000000] SMBIOS 2.5 present.
[    0.000000] Hypervisor detected: KVM
[    0.000000] e820: last_pfn = 0x3fff0 max_arch_pfn = 0x400000000
[    0.000000] MTRR: Disabled
[    0.000000] x86/PAT: MTRRs disabled, skipping PAT initialization too.
[    0.000000] CPU MTRRs all blank - virtualized system.
[    0.000000] x86/PAT: Configuration [0-7]: WB  WT  UC- UC  WB  WT  UC- UC  
[    0.000000] found SMP MP-table at [mem 0x0009fff0-0x0009ffff] mapped at [ffff88000009fff0]
[    0.000000] Scanning 1 areas for low memory corruption
[    0.000000] RAMDISK: [mem 0x362fa000-0x37174fff]
[    0.000000] ACPI: Early table checksum verification disabled
[    0.000000] ACPI: RSDP 0x00000000000E0000 000024 (v02 VBOX  )
[    0.000000] ACPI: XSDT 0x000000003FFF0030 00003C (v01 VBOX   VBOXXSDT 00000001 ASL  00000061)
[    0.000000] ACPI: FACP 0x000000003FFF00F0 0000F4 (v04 VBOX   VBOXFACP 00000001 ASL  00000061)
[    0.000000] ACPI: DSDT 0x000000003FFF0470 0022EA (v02 VBOX   VBOXBIOS 00000002 INTL 20100528)
[    0.000000] ACPI: FACS 0x000000003FFF0200 000040
[    0.000000] ACPI: FACS 0x000000003FFF0200 000040
[    0.000000] ACPI: APIC 0x000000003FFF0240 00005C (v02 VBOX   VBOXAPIC 00000001 ASL  00000061)
[    0.000000] ACPI: SSDT 0x000000003FFF02A0 0001CC (v01 VBOX   VBOXCPUT 00000002 INTL 20100528)
[    0.000000] No NUMA configuration found
[    0.000000] Faking a node at [mem 0x0000000000000000-0x000000003ffeffff]
[    0.000000] NODE_DATA(0) allocated [mem 0x3ffeb000-0x3ffeffff]
[    0.000000] kvm-clock: Using msrs 4b564d01 and 4b564d00
[    0.000000] kvm-clock: cpu 0, msr 0:3ffe3001, primary cpu clock
[    0.000000] kvm-clock: using sched offset of 4346165583 cycles
[    0.000000] clocksource: kvm-clock: mask: 0xffffffffffffffff max_cycles: 0x1cd42e4dffb, max_idle_ns: 881590591483 ns
[    0.000000] Zone ranges:
[    0.000000]   DMA      [mem 0x0000000000001000-0x0000000000ffffff]
[    0.000000]   DMA32    [mem 0x0000000001000000-0x000000003ffeffff]
[    0.000000]   Normal   empty
[    0.000000]   Device   empty
[    0.000000] Movable zone start for each node
[    0.000000] Early memory node ranges
[    0.000000]   node   0: [mem 0x0000000000001000-0x000000000009efff]
[    0.000000]   node   0: [mem 0x0000000000100000-0x000000003ffeffff]
[    0.000000] Initmem setup node 0 [mem 0x0000000000001000-0x000000003ffeffff]
[    0.000000] ACPI: PM-Timer IO Port: 0x4008
[    0.000000] IOAPIC[0]: apic_id 2, version 32, address 0xfec00000, GSI 0-23
[    0.000000] ACPI: INT_SRC_OVR (bus 0 bus_irq 0 global_irq 2 dfl dfl)
[    0.000000] ACPI: INT_SRC_OVR (bus 0 bus_irq 9 global_irq 9 low level)
[    0.000000] Using ACPI (MADT) for SMP configuration information
[    0.000000] smpboot: Allowing 2 CPUs, 0 hotplug CPUs
[    0.000000] PM: Registered nosave memory: [mem 0x00000000-0x00000fff]
[    0.000000] PM: Registered nosave memory: [mem 0x0009f000-0x0009ffff]
[    0.000000] PM: Registered nosave memory: [mem 0x000a0000-0x000effff]
[    0.000000] PM: Registered nosave memory: [mem 0x000f0000-0x000fffff]
[    0.000000] e820: [mem 0x40000000-0xfebfffff] available for PCI devices
[    0.000000] Booting paravirtualized kernel on KVM
[    0.000000] clocksource: refined-jiffies: mask: 0xffffffff max_cycles: 0xffffffff, max_idle_ns: 7645519600211568 ns
[    0.000000] setup_percpu: NR_CPUS:512 nr_cpumask_bits:512 nr_cpu_ids:2 nr_node_ids:1
[    0.000000] PERCPU: Embedded 34 pages/cpu @ffff88003fc00000 s99480 r8192 d31592 u1048576
[    0.000000] Built 1 zonelists in Node order, mobility grouping on.  Total pages: 257912
[    0.000000] Policy zone: DMA32
[    0.000000] Kernel command line: BOOT_IMAGE=/boot/vmlinuz-4.4.0-148-generic root=LABEL=cloudimg-rootfs ro console=tty1 console=ttyS0
[    0.000000] PID hash table entries: 4096 (order: 3, 32768 bytes)
[    0.000000] Memory: 997732K/1048120K available (8609K kernel code, 1334K rwdata, 4028K rodata, 1484K init, 1284K bss, 50388K reserved, 0K cma-reserved)
[    0.000000] SLUB: HWalign=64, Order=0-3, MinObjects=0, CPUs=2, Nodes=1
[    0.000000] Kernel/User page tables isolation: enabled
[    0.000000] Hierarchical RCU implementation.
[    0.000000] 	Build-time adjustment of leaf fanout to 64.
[    0.000000] 	RCU restricting CPUs from NR_CPUS=512 to nr_cpu_ids=2.
[    0.000000] RCU: Adjusting geometry for rcu_fanout_leaf=64, nr_cpu_ids=2
[    0.000000] NR_IRQS:33024 nr_irqs:440 16
[    0.000000] Console: colour VGA+ 80x25
[    0.000000] console [tty1] enabled
[    0.000000] console [ttyS0] enabled
[    0.000000] tsc: Detected 2592.004 MHz processor
[    0.154991] Calibrating delay loop (skipped) preset value.. 5184.00 BogoMIPS (lpj=10368016)
[    0.156956] pid_max: default: 32768 minimum: 301
[    0.158035] ACPI: Core revision 20150930
[    0.160633] ACPI: 2 ACPI AML tables successfully acquired and loaded
[    0.162041] Security Framework initialized
[    0.163023] Yama: becoming mindful.
[    0.163901] AppArmor: AppArmor initialized
[    0.164882] Dentry cache hash table entries: 131072 (order: 8, 1048576 bytes)
[    0.168704] Inode-cache hash table entries: 65536 (order: 7, 524288 bytes)
[    0.170164] Mount-cache hash table entries: 2048 (order: 2, 16384 bytes)
[    0.171473] Mountpoint-cache hash table entries: 2048 (order: 2, 16384 bytes)
[    0.172930] Initializing cgroup subsys io
[    0.173824] Initializing cgroup subsys memory
[    0.174873] Initializing cgroup subsys devices
[    0.176087] Initializing cgroup subsys freezer
[    0.177032] Initializing cgroup subsys net_cls
[    0.178048] Initializing cgroup subsys perf_event
[    0.179064] Initializing cgroup subsys net_prio
[    0.180026] Initializing cgroup subsys hugetlb
[    0.180993] Initializing cgroup subsys pids
[    0.182879] mce: CPU supports 0 MCE banks
[    0.183805] Last level iTLB entries: 4KB 64, 2MB 8, 4MB 8
[    0.184892] Last level dTLB entries: 4KB 64, 2MB 0, 4MB 0, 1GB 4
[    0.186241] Spectre V2 : Mitigation: Full generic retpoline
[    0.188040] Spectre V2 : Spectre v2 / SpectreRSB mitigation: Filling RSB on context switch
[    0.190411] Speculative Store Bypass: Vulnerable
[    0.191690] MDS: Vulnerable: Clear CPU buffers attempted, no microcode
[    0.195842] Freeing SMP alternatives memory: 36K
[    0.202181] ftrace: allocating 32293 entries in 127 pages
[    0.259014] smpboot: APIC(0) Converting physical 0 to logical package 0
[    0.260366] smpboot: Max logical packages: 1
[    0.261637] x2apic enabled
[    0.262651] Switched APIC routing to physical x2apic.
[    0.264948] ..TIMER: vector=0x30 apic1=0 pin1=2 apic2=-1 pin2=-1
[    0.371258] smpboot: CPU0: Intel(R) Core(TM) i7-8850H CPU @ 2.60GHz (family: 0x6, model: 0x9e, stepping: 0xa)
[    0.373590] Performance Events: unsupported p6 CPU model 158 no PMU driver, software events only.
[    0.384593] KVM setup paravirtual spinlock
[    0.386093] x86: Booting SMP configuration:
[    0.387122] .... node  #0, CPUs:      #1
[    0.388140] kvm-clock: cpu 1, msr 0:3ffe3041, secondary cpu clock
[    0.389900] mce: CPU supports 0 MCE banks
[    0.392437] x86: Booted up 1 node, 2 CPUs
[    0.393561] smpboot: Total of 2 processors activated (10368.01 BogoMIPS)
[    0.395342] devtmpfs: initialized
[    0.397465] evm: security.selinux
[    0.398277] evm: security.SMACK64
[    0.399090] evm: security.SMACK64EXEC
[    0.399936] evm: security.SMACK64TRANSMUTE
[    0.400949] evm: security.SMACK64MMAP
[    0.401776] evm: security.ima
[    0.402521] evm: security.capability
[    0.403611] clocksource: jiffies: mask: 0xffffffff max_cycles: 0xffffffff, max_idle_ns: 7645041785100000 ns
[    0.405882] futex hash table entries: 512 (order: 3, 32768 bytes)
[    0.407273] pinctrl core: initialized pinctrl subsystem
[    0.408402] RTC time: 11:02:57, date: 06/03/19
[    0.409923] NET: Registered protocol family 16
[    0.420914] cpuidle: using governor ladder
[    0.434011] cpuidle: using governor menu
[    0.435024] PCCT header not found.
[    0.435955] ACPI: bus type PCI registered
[    0.437209] acpiphp: ACPI Hot Plug PCI Controller Driver version: 0.5
[    0.438607] PCI: Using configuration type 1 for base access
[    0.453926] ACPI: Added _OSI(Module Device)
[    0.454881] ACPI: Added _OSI(Processor Device)
[    0.455851] ACPI: Added _OSI(3.0 _SCP Extensions)
[    0.456850] ACPI: Added _OSI(Processor Aggregator Device)
[    0.458514] ACPI: Executed 1 blocks of module-level executable AML code
[    0.461910] ACPI: Interpreter enabled
[    0.462790] ACPI: (supports S0 S5)
[    0.463651] ACPI: Using IOAPIC for interrupt routing
[    0.464828] PCI: Using host bridge windows from ACPI; if necessary, use "pci=nocrs" and report a bug
[    0.469951] ACPI: PCI Root Bridge [PCI0] (domain 0000 [bus 00-ff])
[    0.471190] acpi PNP0A03:00: _OSC: OS supports [ASPM ClockPM Segments MSI]
[    0.472844] acpi PNP0A03:00: _OSC: not requesting OS control; OS requires [ExtendedConfig ASPM ClockPM MSI]
[    0.474957] acpi PNP0A03:00: fail to add MMCONFIG information, can't access extended PCI configuration space under this bridge.
[    0.477723] PCI host bridge to bus 0000:00
[    0.478735] pci_bus 0000:00: root bus resource [io  0x0000-0x0cf7 window]
[    0.480034] pci_bus 0000:00: root bus resource [io  0x0d00-0xffff window]
[    0.481403] pci_bus 0000:00: root bus resource [mem 0x000a0000-0x000bffff window]
[    0.483093] pci_bus 0000:00: root bus resource [mem 0x40000000-0xfdffffff window]
[    0.484787] pci_bus 0000:00: root bus resource [bus 00-ff]
[    0.487463] pci 0000:00:01.1: legacy IDE quirk: reg 0x10: [io  0x01f0-0x01f7]
[    0.488829] pci 0000:00:01.1: legacy IDE quirk: reg 0x14: [io  0x03f6]
[    0.490169] pci 0000:00:01.1: legacy IDE quirk: reg 0x18: [io  0x0170-0x0177]
[    0.491528] pci 0000:00:01.1: legacy IDE quirk: reg 0x1c: [io  0x0376]
[    0.503813] pci 0000:00:07.0: quirk: [io  0x4000-0x403f] claimed by PIIX4 ACPI
[    0.516055] pci 0000:00:07.0: quirk: [io  0x4100-0x410f] claimed by PIIX4 SMB
[    0.521455] ACPI: PCI Interrupt Link [LNKA] (IRQs 5 9 10 *11)
[    0.523376] ACPI: PCI Interrupt Link [LNKB] (IRQs 5 9 *10 11)
[    0.525124] ACPI: PCI Interrupt Link [LNKC] (IRQs 5 *9 10 11)
[    0.526819] ACPI: PCI Interrupt Link [LNKD] (IRQs 5 9 10 *11)
[    0.528598] ACPI: Enabled 2 GPEs in block 00 to 07
[    0.530112] vgaarb: setting as boot device: PCI:0000:00:02.0
[    0.531310] vgaarb: device added: PCI:0000:00:02.0,decodes=io+mem,owns=io+mem,locks=none
[    0.533050] vgaarb: loaded
[    0.533826] vgaarb: bridge control possible 0000:00:02.0
[    0.535111] SCSI subsystem initialized
[    0.536162] ACPI: bus type USB registered
[    0.537111] usbcore: registered new interface driver usbfs
[    0.538309] usbcore: registered new interface driver hub
[    0.539454] usbcore: registered new device driver usb
[    0.540777] PCI: Using ACPI for IRQ routing
[    0.541949] NetLabel: Initializing
[    0.542773] NetLabel:  domain hash size = 128
[    0.543756] NetLabel:  protocols = UNLABELED CIPSOv4
[    0.547127] NetLabel:  unlabeled traffic allowed by default
[    0.548469] amd_nb: Cannot enumerate AMD northbridges
[    0.549689] clocksource: Switched to clocksource kvm-clock
[    0.559753] AppArmor: AppArmor Filesystem Enabled
[    0.560801] pnp: PnP ACPI init
[    0.562394] pnp: PnP ACPI: found 3 devices
[    0.572006] clocksource: acpi_pm: mask: 0xffffff max_cycles: 0xffffff, max_idle_ns: 2085701024 ns
[    0.573959] NET: Registered protocol family 2
[    0.575058] TCP established hash table entries: 8192 (order: 4, 65536 bytes)
[    0.576439] TCP bind hash table entries: 8192 (order: 5, 131072 bytes)
[    0.577715] TCP: Hash tables configured (established 8192 bind 8192)
[    0.578997] UDP hash table entries: 512 (order: 2, 16384 bytes)
[    0.580164] UDP-Lite hash table entries: 512 (order: 2, 16384 bytes)
[    0.581494] NET: Registered protocol family 1
[    0.582447] pci 0000:00:00.0: Limiting direct PCI/PCI transfers
[    0.583629] pci 0000:00:01.0: Activating ISA DMA hang workarounds
[    0.584926] Unpacking initramfs...
[    0.787373] Freeing initrd memory: 14828K
[    0.788834] clocksource: tsc: mask: 0xffffffffffffffff max_cycles: 0x255cbae350f, max_idle_ns: 440795327587 ns
[    0.792476] platform rtc_cmos: registered platform RTC device (no PNP device found)
[    0.794791] Scanning for low memory corruption every 60 seconds
[    0.796765] audit: initializing netlink subsys (disabled)
[    0.797822] audit: type=2000 audit(1559559784.110:1): initialized
[    0.799239] Initialise system trusted keyring
[    0.800370] HugeTLB registered 2 MB page size, pre-allocated 0 pages
[    0.802609] zbud: loaded
[    0.803577] VFS: Disk quotas dquot_6.6.0
[    0.804398] VFS: Dquot-cache hash table entries: 512 (order 0, 4096 bytes)
[    0.805781] squashfs: version 4.0 (2009/01/31) Phillip Lougher
[    0.807143] fuse init (API version 7.23)
[    0.808040] Key type big_key registered
[    0.808829] Allocating IMA MOK and blacklist keyrings.
[    0.811432] Key type asymmetric registered
[    0.812257] Asymmetric key parser 'x509' registered
[    0.813344] Block layer SCSI generic (bsg) driver version 0.4 loaded (major 249)
[    0.815136] io scheduler noop registered
[    0.816012] io scheduler deadline registered (default)
[    0.817040] io scheduler cfq registered
[    0.817900] pci_hotplug: PCI Hot Plug PCI Core version: 0.5
[    0.818980] pciehp: PCI Express Hot Plug Controller Driver version: 0.4
[    0.820247] ACPI: AC Adapter [AC] (on-line)
[    0.821136] input: Power Button as /devices/LNXSYSTM:00/LNXPWRBN:00/input/input0
[    0.822649] ACPI: Power Button [PWRF]
[    0.823472] input: Sleep Button as /devices/LNXSYSTM:00/LNXSLPBN:00/input/input1
[    0.824987] ACPI: Sleep Button [SLPF]
[    0.826063] GHES: HEST is not enabled!
[    0.827463] ACPI: Battery Slot [BAT0] (battery present)
[    0.828459] Serial: 8250/16550 driver, 32 ports, IRQ sharing enabled
[    0.850045] 00:02: ttyS0 at I/O 0x3f8 (irq = 4, base_baud = 115200) is a 16550A
[    0.855202] Linux agpgart interface v0.103
[    0.857682] loop: module loaded
[    0.859012] scsi host0: ata_piix
[    0.859885] scsi host1: ata_piix
[    0.860713] ata1: PATA max UDMA/33 cmd 0x1f0 ctl 0x3f6 bmdma 0xd000 irq 14
[    0.862077] ata2: PATA max UDMA/33 cmd 0x170 ctl 0x376 bmdma 0xd008 irq 15
[    0.863520] libphy: Fixed MDIO Bus: probed
[    0.864469] tun: Universal TUN/TAP device driver, 1.6
[    0.865648] tun: (C) 1999-2004 Max Krasnyansky <maxk@qualcomm.com>
[    0.867158] PPP generic driver version 2.4.2
[    0.868183] ehci_hcd: USB 2.0 'Enhanced' Host Controller (EHCI) Driver
[    0.869468] ehci-pci: EHCI PCI platform driver
[    0.870503] ehci-platform: EHCI generic platform driver
[    0.871473] ohci_hcd: USB 1.1 'Open' Host Controller (OHCI) Driver
[    0.872562] ohci-pci: OHCI PCI platform driver
[    0.873438] ohci-platform: OHCI generic platform driver
[    0.874475] uhci_hcd: USB Universal Host Controller Interface driver
[    0.875825] i8042: PNP: PS/2 Controller [PNP0303:PS2K,PNP0f03:PS2M] at 0x60,0x64 irq 1,12
[    0.878023] serio: i8042 KBD port at 0x60,0x64 irq 1
[    0.879085] serio: i8042 AUX port at 0x60,0x64 irq 12
[    0.880374] mousedev: PS/2 mouse device common for all mice
[    0.881841] input: AT Translated Set 2 keyboard as /devices/platform/i8042/serio0/input/input2
[    0.884009] rtc_cmos rtc_cmos: rtc core: registered rtc_cmos as rtc0
[    0.885327] rtc_cmos rtc_cmos: alarms up to one day, 114 bytes nvram
[    0.886674] i2c /dev entries driver
[    0.887565] device-mapper: uevent: version 1.0.3
[    0.889072] device-mapper: ioctl: 4.34.0-ioctl (2015-10-28) initialised: dm-devel@redhat.com
[    0.891414] ledtrig-cpu: registered to indicate activity on CPUs
[    0.893462] NET: Registered protocol family 10
[    0.895243] NET: Registered protocol family 17
[    0.896719] Key type dns_resolver registered
[    0.902701] registered taskstats version 1
[    0.904270] Loading compiled-in X.509 certificates
[    0.907134] Loaded X.509 cert 'Build time autogenerated kernel key: 5103689f9da3e841c6100f8bb032b132cf76e38d'
[    0.910236] zswap: loaded using pool lzo/zbud
[    0.914292] Key type trusted registered
[    0.921233] Key type encrypted registered
[    0.922639] AppArmor: AppArmor sha1 policy hashing enabled
[    0.923998] ima: No TPM chip found, activating TPM-bypass!
[    0.925509] ima: Allocated hash algorithm: sha1
[    0.926665] evm: HMAC attrs: 0x1
[    0.927981]   Magic number: 7:351:23
[    0.929201] rtc_cmos rtc_cmos: setting system clock to 2019-06-03 11:02:58 UTC (1559559778)
[    0.932385] BIOS EDD facility v0.16 2004-Jun-25, 0 devices found
[    0.933446] EDD information not available.
[    1.018911] Freeing unused kernel memory: 1484K
[    1.019887] Write protecting the kernel read-only data: 14336k
[    1.021471] Freeing unused kernel memory: 1620K
[    1.022825] Freeing unused kernel memory: 68K
Loading, please wait...
starting version 229
[    1.034507] random: systemd-udevd: uninitialized urandom read (16 bytes read, 3 bits of entropy available)
[    1.034960] random: udevadm: uninitialized urandom read (16 bytes read, 3 bits of entropy available)
[    1.035002] random: udevadm: uninitialized urandom read (16 bytes read, 3 bits of entropy available)
[    1.040618] random: systemd-udevd: uninitialized urandom read (16 bytes read, 3 bits of entropy available)
[    1.041620] random: udevadm: uninitialized urandom read (16 bytes read, 3 bits of entropy available)
[    1.041651] random: udevadm: uninitialized urandom read (16 bytes read, 3 bits of entropy available)
[    1.041789] random: udevadm: uninitialized urandom read (16 bytes read, 3 bits of entropy available)
[    1.041828] random: udevadm: uninitialized urandom read (16 bytes read, 3 bits of entropy available)
[    1.041866] random: udevadm: uninitialized urandom read (16 bytes read, 3 bits of entropy available)
[    1.041905] random: udevadm: uninitialized urandom read (16 bytes read, 3 bits of entropy available)
[    1.081873] e1000: Intel(R) PRO/1000 Network Driver - version 7.3.21-k8-NAPI
[    1.083277] e1000: Copyright (c) 1999-2006 Intel Corporation.
[    1.084544] Fusion MPT base driver 3.04.20
[    1.085587] Copyright (c) 1999-2008 LSI Corporation
[    1.090999] Fusion MPT SPI Host driver 3.04.20
[    1.104185] AVX2 version of gcm_enc/dec engaged.
[    1.105178] AES CTR mode by8 optimization enabled
[    1.314987] input: ImExPS/2 Generic Explorer Mouse as /devices/platform/i8042/serio1/input/input4
[    1.666653] e1000 0000:00:03.0 eth0: (PCI:33MHz:32-bit) 02:11:c2:af:aa:45
[    1.667953] e1000 0000:00:03.0 eth0: Intel(R) PRO/1000 Network Connection
[    1.669980] mptbase: ioc0: Initiating bringup
[    1.671443] e1000 0000:00:03.0 enp0s3: renamed from eth0
[    2.076955] ioc0: LSI53C1030 A0: Capabilities={Initiator}
[    3.083261] scsi host2: ioc0: LSI53C1030 A0, FwRev=00000000h, Ports=1, MaxQ=256, IRQ=20
[    3.614771] scsi 2:0:0:0: Direct-Access     VBOX     HARDDISK         1.0  PQ: 0 ANSI: 5
[    3.619878] scsi target2:0:0: Beginning Domain Validation
[    3.624341] scsi target2:0:0: Domain Validation skipping write tests
[    3.625589] scsi target2:0:0: Ending Domain Validation
[    3.626678] scsi target2:0:0: asynchronous
[    3.628169] scsi 2:0:1:0: Direct-Access     VBOX     HARDDISK         1.0  PQ: 0 ANSI: 5
[    3.629722] scsi target2:0:1: Beginning Domain Validation
[    3.632358] scsi target2:0:1: Domain Validation skipping write tests
[    3.633446] scsi target2:0:1: Ending Domain Validation
[    3.634483] scsi target2:0:1: asynchronous
[    3.642145] sd 2:0:0:0: Attached scsi generic sg0 type 0
[    3.642446] sd 2:0:0:0: [sda] 20971520 512-byte logical blocks: (10.7 GB/10.0 GiB)
[    3.642721] sd 2:0:0:0: [sda] Write Protect is off
[    3.642969] sd 2:0:0:0: [sda] Incomplete mode parameter data
[    3.642970] sd 2:0:0:0: [sda] Assuming drive cache: write through
[    3.660220] sd 2:0:1:0: Attached scsi generic sg1 type 0
[    3.660375] sd 2:0:1:0: [sdb] 20480 512-byte logical blocks: (10.5 MB/10.0 MiB)
[    3.660758] sd 2:0:1:0: [sdb] Write Protect is off
[    3.661048] sd 2:0:1:0: [sdb] Incomplete mode parameter data
[    3.661049] sd 2:0:1:0: [sdb] Assuming drive cache: write through
[    3.662459]  sda: sda1
[    3.663362] sd 2:0:0:0: [sda] Attached SCSI disk
[    3.664740] sd 2:0:1:0: [sdb] Attached SCSI disk
Begin: Loading essential drivers ... [    5.074056] md: linear personality registered for level -1
[    5.076863] md: multipath personality registered for level -4
[    5.079591] md: raid0 personality registered for level 0
[    5.083490] md: raid1 personality registered for level 1
[    5.154425] raid6: sse2x1   gen() 13948 MB/s
[    5.222187] raid6: sse2x1   xor() 10293 MB/s
[    5.290046] raid6: sse2x2   gen() 14669 MB/s
[    5.357867] raid6: sse2x2   xor() 11675 MB/s
[    5.426157] raid6: sse2x4   gen() 19206 MB/s
[    5.494061] raid6: sse2x4   xor() 12663 MB/s
[    5.561949] raid6: avx2x1   gen() 27264 MB/s
[    5.630203] raid6: avx2x2   gen() 31614 MB/s
[    5.698039] raid6: avx2x4   gen() 35291 MB/s
[    5.698972] raid6: using algorithm avx2x4 gen() 35291 MB/s
[    5.700082] raid6: using avx2x2 recovery algorithm
[    5.701927] xor: automatically using best checksumming function:
[    5.742517]    avx       : 35255.000 MB/sec
[    5.744483] async_tx: api initialized (async)
[    5.752959] md: raid6 personality registered for level 6
[    5.754066] md: raid5 personality registered for level 5
[    5.755256] md: raid4 personality registered for level 4
[    5.762298] md: raid10 personality registered for level 10
done.
Begin: Running /scripts/init-premount ... done.
Begin: Mounting root file system ... Begin: Running /scripts/local-top ... done.
Begin: Running /scripts/local-premount ... [    5.792231] Btrfs loaded
Scanning for Btrfs filesystems
done.
Warning: fsck not present, so skipping root file system
[    5.830887] EXT4-fs (sda1): mounted filesystem with ordered data mode. Opts: (null)
done.
Begin: Running /scripts/local-bottom ... done.
Begin: Running /scripts/init-bottom ... done.
[    5.925413] systemd[1]: systemd 229 running in system mode. (+PAM +AUDIT +SELINUX +IMA +APPARMOR +SMACK +SYSVINIT +UTMP +LIBCRYPTSETUP +GCRYPT +GNUTLS +ACL +XZ -LZ4 +SECCOMP +BLKID +ELFUTILS +KMOD -IDN)
[    5.928992] systemd[1]: Detected virtualization oracle.
[    5.930093] systemd[1]: Detected architecture x86-64.

Welcome to [1mUbuntu 16.04.6 LTS[0m!

[    6.655151] systemd[1]: Set hostname to <developerPC>.
[    7.020344] systemd[1]: Listening on LVM2 metadata daemon socket.
[[0;32m  OK  [0m] Listening on LVM2 metadata daemon socket.
[    7.102927] systemd[1]: Listening on udev Control Socket.
[[0;32m  OK  [0m] Listening on udev Control Socket.
[    7.105031] systemd[1]: Reached target Swap.
[[0;32m  OK  [0m] Reached target Swap.
[    7.106700] systemd[1]: Listening on /dev/initctl Compatibility Named Pipe.
[[0;32m  OK  [0m] Listening on /dev/initctl Compatibility Named Pipe.
[    7.118514] systemd[1]: Listening on Syslog Socket.
[[0;32m  OK  [0m] Listening on Syslog Socket.
[    7.601059] systemd[1]: Listening on LVM2 poll daemon socket.
[[0;32m  OK  [0m] Listening on LVM2 poll daemon socket.
[    7.610264] systemd[1]: Started Forward Password Requests to Wall Directory Watch.
[[0;32m  OK  [0m] Started Forward Password Requests to Wall Directory Watch.
[    7.644910] systemd[1]: Reached target User and Group Name Lookups.
[[0;32m  OK  [0m] Reached target User and Group Name Lookups.
[    7.654683] systemd[1]: Listening on Journal Audit Socket.
[[0;32m  OK  [0m] Listening on Journal Audit Socket.
[    7.658004] systemd[1]: Created slice User and Session Slice.
[[0;32m  OK  [0m] Created slice User and Session Slice.
[    7.661397] systemd[1]: Started Trigger resolvconf update for networkd DNS.
[[0;32m  OK  [0m] Started Trigger resolvconf update for networkd DNS.
[    7.782785] systemd[1]: Reached target System Time Synchronized.
[[0;32m  OK  [0m] Reached target System Time Synchronized.
[    7.800153] systemd[1]: Listening on Journal Socket (/dev/log).
[[0;32m  OK  [0m] Listening on Journal Socket (/dev/log).
[    7.805015] systemd[1]: Created slice System Slice.
[[0;32m  OK  [0m] Created slice System Slice.
[    7.808801] systemd[1]: Reached target Slices.
[[0;32m  OK  [0m] Reached target Slices.
[    7.812744] systemd[1]: Created slice system-serial\x2dgetty.slice.
[[0;32m  OK  [0m] Created slice system-serial\x2dgetty.slice.
[    7.815009] systemd[1]: Set up automount Arbitrary Executable File Formats File System Automount Point.
[[0;32m  OK  [0m] Set up automount Arbitrary Executab...ats File System Automount Point.
[    8.041958] systemd[1]: Listening on Journal Socket.
[[0;32m  OK  [0m] Listening on Journal Socket.
[    8.066186] systemd[1]: Starting Create list of required static device nodes for the current kernel...
         Starting Create list of required st... nodes for the current kernel...
[    8.074656] systemd[1]: Mounting Debug File System...
         Mounting Debug File System...
[    8.077464] systemd[1]: Starting Remount Root and Kernel File Systems...
         Starting Remount Root and Kernel File Systems...
[    8.090495] systemd[1]: Starting Journal Service...

    8.091978] EXT4-fs (sda1): re-mounted. Opts: (null)
         Starting Journal Service...
[    8.094499] systemd[1]: Starting Set console keymap...
         Starting Set console keymap...
[    8.096964] systemd[1]: Starting Nameserver information manager...
         Starting Nameserver information manager...
[    8.099834] systemd[1]: Starting Uncomplicated firewall...
         Starting Uncomplicated firewall...
[    8.107566] systemd[1]: Starting Load Kernel Modules...
         Starting Load Kernel Modules...
[    8.109602] systemd[1]: Mounting POSIX Message Queue File System...
         Mounting POSIX Message Queue File System...
[    8.117901] systemd[1]: Reached target Encrypted Volumes.
[    8.119142] Loading iSCSI transport class v2.0-870.
[[0;32m  OK  [0m] Reached target Encrypted Volumes.
[    8.122245] systemd[1]: Listening on udev Kernel Socket.
[[0;32m  OK  [0m] Listening on udev Kernel Socket.
[    8.126473] iscsi: registered transport (tcp)
[    8.129858] systemd[1]: Listening on Device-mapper event daemon FIFOs.
[[0;32m  OK  [0m] Listening on Device-mapper event daemon FIFOs.
[    8.149306] iscsi: registered transport (iser)
[    8.157865] systemd[1]: Starting Monitoring of LVM2 mirrors, snapshots etc. using dmeventd or progress polling...
         Starting Monitoring of LVM2 mirrors... dmeventd or progress polling...
[    8.166474] systemd[1]: Mounting Huge Pages File System...
         Mounting Huge Pages File System...
[    8.169531] systemd[1]: Mounted Debug File System.
[[0;32m  OK  [0m] Mounted Debug File System.
[    8.181969] systemd[1]: Mounted POSIX Message Queue File System.
[[0;32m  OK  [0m] Mounted POSIX Message Queue File System.
[    8.183767] systemd[1]: Mounted Huge Pages File System.
[[0;32m  OK  [0m] Mounted Huge Pages File System.
[    8.185655] systemd[1]: Started Journal Service.
[[0;32m  OK  [0m] Started Journal Service.
[[0;32m  OK  [0m] Started Create list of required sta...ce nodes for the current kernel.
[[0;32m  OK  [0m] Started Remount Root and Kernel File Systems.
[[0;32m  OK  [0m] Started Set console keymap.
[[0;32m  OK  [0m] Started Uncomplicated firewall.
[[0;32m  OK  [0m] Started Load Kernel Modules.
[[0;32m  OK  [0m] Started Nameserver information manager.
[[0;32m  OK  [0m] Started LVM2 metadata daemon.
         Starting Apply Kernel Variables...
         Mounting FUSE Control File System...
         Starting udev Coldplug all Devices...
         Starting Load/Save Random Seed...
         Starting Create Static Device Nodes in /dev...
         Starting Flush Journal to Persistent Storage...
[[0;32m  OK  [0m] Mounted FUSE Control File System.
[[0;32m  OK  [0m] Started Apply Kernel Variables.
[[0;32m  OK  [0m] Started Load/Save Random Seed.
[[0;32m  OK  [0m] Started Create Static Device Nodes in /dev.
[[0;32m  OK  [0m] Started Flush Journal to Persistent Storage.
         Starting udev Kernel Device Manager...
[[0;32m  OK  [0m] Started udev Coldplug all Devices.
[[0;32m  OK  [0m] Started udev Kernel Device Manager.
[[0;32m  OK  [0m] Started Dispatch Password Requests to Console Directory Watch.
[[0;32m  OK  [0m] Started Monitoring of LVM2 mirrors,...ng dmeventd or progress polling.
[[0;32m  OK  [0m] Reached target Local File Systems (Pre).
[[0;32m  OK  [0m] Reached target Local File Systems.
         Starting Tell Plymouth To Write Out Runtime Data...
         Starting Initial cloud-init job (pre-networking)...
         Starting Create Volatile Files and Directories...
         Starting Set console font and keymap...
         Starting LSB: AppArmor initialization...
[[0;32m  OK  [0m] Started Tell Plymouth To Write Out Runtime Data.
[[0;32m  OK  [0m] Started Create Volatile Files and Directories.
[[0;32m  OK  [0m] Found device /dev/ttyS0.
[[0;32m  OK  [0m] Listening on Load/Save RF Kill Switch Status /dev/rfkill Watch.
         Starting Update UTMP about System Boot/Shutdown...
[[0;32m  OK  [0m] Started Update UTMP about System Boot/Shutdown.
[[0;32m  OK  [0m] Started LSB: AppArmor initialization.
[[0;32m  OK  [0m] Found device 82540EM Gigabit Ethern...r (PRO/1000 MT Desktop Adapter).
[    9.312096] cloud-init[492]: Cloud-init v. 18.5-45-g3554ffe8-0ubuntu1~16.04.1 running 'init-local' at Mon, 03 Jun 2019 11:03:06 +0000. Up 9.02 seconds.
[[0;32m  OK  [0m] Started Initial cloud-init job (pre-networking).
[[0;32m  OK  [0m] Reached target Network (Pre).
         Starting Raise network interfaces...
[[0;32m  OK  [0m] Started ifup for enp0s3.
[[0;32m  OK  [0m] Started Set console font and keymap.
[[0;32m  OK  [0m] Created slice system-getty.slice.
[[0;32m  OK  [0m] Started Raise network interfaces.
[[0;32m  OK  [0m] Reached target Network.
         Starting Initial cloud-init job (metadata service crawler)...
[   10.139178] cloud-init[969]: Cloud-init v. 18.5-45-g3554ffe8-0ubuntu1~16.04.1 running 'init' at Mon, 03 Jun 2019 11:03:07 +0000. Up 9.84 seconds.
[   10.140367] cloud-init[969]: ci-info: ++++++++++++++++++++++++++++++++++++++Net device info++++++++++++++++++++++++++++++++++++++
[   10.141503] cloud-init[969]: ci-info: +--------+------+----------------------------+---------------+--------+-------------------+
[   10.142962] cloud-init[969]: ci-info: | Device |  Up  |          Address           |      Mask     | Scope  |     Hw-Address    |
[   10.144462] cloud-init[969]: ci-info: +--------+------+----------------------------+---------------+--------+-------------------+
[   10.145916] cloud-init[969]: ci-info: | enp0s3 | True |         10.0.2.15          | 255.255.255.0 | global | 02:11:c2:af:aa:45 |
[   10.147081] cloud-init[969]: ci-info: | enp0s3 | True | fe80::11:c2ff:feaf:aa45/64 |       .       |  link  | 02:11:c2:af:aa:45 |
[   10.148549] cloud-init[969]: ci-info: |   lo   | True |         127.0.0.1          |   255.0.0.0   |  host  |         .         |
[   10.149964] cloud-init[969]: ci-info: |   lo   | True |          ::1/128           |       .       |  host  |         .         |
[   10.151432] cloud-init[969]: ci-info: +--------+------+----------------------------+---------------+--------+-------------------+
[   10.153040] cloud-init[969]: ci-info: +++++++++++++++++++++++++++Route IPv4 info++++++++++++++++++++++++++++
[   10.154317] cloud-init[969]: ci-info: +-------+-------------+----------+---------------+-----------+-------+
[   10.155586] cloud-init[969]: ci-info: | Route | Destination | Gateway  |    Genmask    | Interface | Flags |
[   10.164590] cloud-init[969]: ci-info: +-------+-------------+----------+---------------+-----------+-------+
[   10.172417] cloud-init[969]: ci-info: |   0   |   0.0.0.0   | 10.0.2.2 |    0.0.0.0    |   enp0s3  |   UG  |
[   10.181169] cloud-init[969]: ci-info: |   1   |   10.0.2.0  | 0.0.0.0  | 255.255.255.0 |   enp0s3  |   U   |
[   10.188259] cloud-init[969]: ci-info: +-------+-------------+----------+---------------+-----------+-------+
[   10.189396] cloud-init[969]: ci-info: +++++++++++++++++++Route IPv6 info+++++++++++++++++++
[   10.196851] cloud-init[969]: ci-info: +-------+-------------+---------+-----------+-------+
[[0;32m  OK  [0m] Started Initial cloud-init job (metadata service crawler).
[[0;32m  OK  [0m] Reached target Cloud-config availability.
[[0;32m  OK  [0m] Reached target Network is Online.
[   10.200187] cloud-init[969]: ci-info: | Route | Destination | Gateway | Interface | Flags |
[   10.218310] cloud-init[969]: ci-info: +-------+-------------+---------+-----------+-------+
[   10.224766] cloud-init[969]: ci-info: |   0   |  fe80::/64  |    ::   |   enp0s3  |   U   |
[   10.232473] cloud-init[969]: ci-info: |   3   |   ff00::/8  |    ::   |   enp0s3  |   U   |
[   10.240645] cloud-init[969]: ci-info: +-------+-------------+---------+-----------+-------+
         Starting iSCSI initiator daemon (iscsid)...
[[0;32m  OK  [0m] Reached target System Initialization.
[[0;32m  OK  [0m] Started ACPI Events Check.
[[0;32m  OK  [0m] Reached target Paths.
         Starting Docker Socket for the API.
[[0;32m  OK  [0m] Listening on D-Bus System Message Bus Socket.
[[0;32m  OK  [0m] Started Daily Cleanup of Temporary Directories.
         Starting Socket activation for snappy daemon.
[[0;32m  OK  [0m] Listening on UUID daemon activation socket.
[[0;32m  OK  [0m] Started Daily apt download activities.
         Starting LXD - unix socket.
[[0;32m  OK  [0m] Started Daily apt upgrade and clean activities.
[[0;32m  OK  [0m] Reached target Timers.
[[0;32m  OK  [0m] Listening on ACPID Listen Socket.
[[0;32m  OK  [0m] Listening on Docker Socket for the API.
[[0;32m  OK  [0m] Listening on Socket activation for snappy daemon.
[[0;32m  OK  [0m] Listening on LXD - unix socket.
[[0;32m  OK  [0m] Started iSCSI initiator daemon (iscsid).
         Starting Login to default iSCSI targets...
[[0;32m  OK  [0m] Reached target Sockets.
[[0;32m  OK  [0m] Reached target Basic System.
[[0;32m  OK  [0m] Started ACPI event daemon.
[[0;32m  OK  [0m] Started FUSE filesystem for LXC.
         Starting System Logging Service...
         Starting LXD - container startup/shutdown...
         Starting Login Service...
         Starting Snappy daemon...
         Starting Virtualbox guest utils...
         Starting PM2 process manager...
         Starting LSB: MD monitoring daemon...
         Starting LSB: AWS CodeDeploy Host Agent...
         Starting PM2 process manager...
[[0;32m  OK  [0m] Started Unattended Upgrades Shutdown.
[[0;32m  OK  [0m] Started Deferred execution scheduler.
         Starting OpenBSD Secure Shell server...
         Starting /etc/rc.local Compatibility...
         Starting Accounts Service...
         Starting PM2 process manager...
[[0;32m  OK  [0m] Started Regular background program processing daemon.
         Starting LSB: Record successful boot for GRUB...
         Starting containerd container runtime...
[[0;32m  OK  [0m] Started D-Bus System Message Bus.
[[0;32m  OK  [0m] Started System Logging Service.
[[0;1;31mFAILED[0m] Failed to start PM2 process manager.
See 'systemctl status pm2-undefined.service' for details.
[[0;32m  OK  [0m] Started /etc/rc.local Compatibility.
[[0;32m  OK  [0m] Started containerd container runtime.
[[0;32m  OK  [0m] Started OpenBSD Secure Shell server.
[[0;32m  OK  [0m] Started Login to default iSCSI targets.
[[0;32m  OK  [0m] Started LXD - container startup/shutdown.
[[0;32m  OK  [0m] Started LSB: MD monitoring daemon.
[[0;32m  OK  [0m] Started LSB: Record successful boot for GRUB.
[[0;32m  OK  [0m] Started Login Service.
         Starting Authenticate and Authorize Users to Run Privileged Tasks...
[[0;32m  OK  [0m] Stopped PM2 process manager.
         Starting PM2 process manager...
[[0;32m  OK  [0m] Reached target Remote File Systems (Pre).
[[0;32m  OK  [0m] Reached target Remote File Systems.
         Starting LSB: automatic crash report generation...
         Starting LSB: Set up cgroupfs mounts....
         Starting Permit User Sessions...
         Starting LSB: Set the CPU Frequency Scaling governor to "ondemand"...
         Starting LSB: daemon to balance interrupts for SMP systems...
         Starting Docker Application Container Engine...
[[0;32m  OK  [0m] Started Snappy daemon.
[[0;32m  OK  [0m] Started Virtualbox guest utils.
[[0;1;31mFAILED[0m] Failed to start PM2 process manager.
See 'systemctl status pm2-undefined.service' for details.
[[0;32m  OK  [0m] Started LSB: Set up cgroupfs mounts..
[[0;32m  OK  [0m] Started Permit User Sessions.
[[0;32m  OK  [0m] Started Authenticate and Authorize Users to Run Privileged Tasks.
[[0;32m  OK  [0m] Started Accounts Service.
         Starting Terminate Plymouth Boot Screen...
         Starting Hold until boot process finishes up...
         Starting Wait until snapd is fully seeded...
[[0;32m  OK  [0m] Started LSB: automatic crash report generation.
[[0;32m  OK  [0m] Started LSB: Set the CPU Frequency Scaling governor to "ondemand".
[[0;32m  OK  [0m] Started Terminate Plymouth Boot Screen.
[[0;32m  OK  [0m] Started Hold until boot process finishes up.
[[0;32m  OK  [0m] Started LSB: daemon to balance interrupts for SMP systems.
[[0;32m  OK  [0m] Stopped PM2 process manager.
         Starting PM2 process manager...
[[0;32m  OK  [0m] Started Getty on tty1.
         Starting Set console scheme...
[[0;32m  OK  [0m] Started Serial Getty on ttyS0.
[[0;32m  OK  [0m] Reached target Login Prompts.
[[0;1;31mFAILED[0m] Failed to start PM2 process manager.
See 'systemctl status pm2-undefined.service' for details.
[[0;32m  OK  [0m] Started Set console scheme.
[[0;32m  OK  [0m] Started Wait until snapd is fully seeded.
         Starting Apply the settings specified in cloud-config...
[[0;32m  OK  [0m] Stopped PM2 process manager.
         Starting PM2 process manager...
[[0;1;31mFAILED[0m] Failed to start PM2 process manager.
See 'systemctl status pm2-undefined.service' for details.
[[0;32m  OK  [0m] Stopped PM2 process manager.
         Starting PM2 process manager...
[[0;1;31mFAILED[0m] Failed to start PM2 process manager.
See 'systemctl status pm2-undefined.service' for details.
[[0;32m  OK  [0m] Stopped PM2 process manager.
[[0;1;31mFAILED[0m] Failed to start PM2 process manager.
See 'systemctl status pm2-undefined.service' for details.
[   12.082770] cloud-init[1260]: Cloud-init v. 18.5-45-g3554ffe8-0ubuntu1~16.04.1 running 'modules:config' at Mon, 03 Jun 2019 11:03:09 +0000. Up 11.75 seconds.
[[0;32m  OK  [0m] Started Apply the settings specified in cloud-config.
[[0;32m  OK  [0m] Created slice User Slice of vagrant.
         Starting User Manager for UID 1000...
[[0;32m  OK  [0m] Started Session 2 of user vagrant.
[[0;32m  OK  [0m] Started LSB: AWS CodeDeploy Host Agent.
[[0;32m  OK  [0m] Started User Manager for UID 1000.
[[0;32m  OK  [0m] Started Docker Application Container Engine.
[[0;32m  OK  [0m] Started PM2 process manager.
         Stopping User Manager for UID 1000...
[[0;32m  OK  [0m] Stopped User Manager for UID 1000.
[[0;32m  OK  [0m] Removed slice User Slice of vagrant.

Ubuntu 16.04.6 LTS developerPC ttyS0

developerPC login: [  100.988976] cloud-init[1787]: Cloud-init v. 18.5-45-g3554ffe8-0ubuntu1~16.04.1 running 'modules:final' at Mon, 03 Jun 2019 11:04:38 +0000. Up 100.85 seconds.
[  100.989242] cloud-init[1787]: Cloud-init v. 18.5-45-g3554ffe8-0ubuntu1~16.04.1 finished at Mon, 03 Jun 2019 11:04:38 +0000. Datasource DataSourceNoCloud [seed=/dev/sdb][dsmode=net].  Up 100.98 seconds
